<?xml version="1.0" encoding="UTF-8"?>
<!-- Generated by org.testng.reporters.JUnitXMLReporter -->
<testsuite ignored="0" hostname="Jayesh-PC" failures="0" tests="4" name="Test" time="0.066" errors="0" timestamp="2022-12-29T17:19:32 IST">
  <testcase classname="scripts.TestCase1" name="demo" time="0.011"/>
  <testcase classname="scripts.TestCase4" name="demo" time="0.001"/>
  <testcase classname="scripts.TestCase2" name="demo" time="0.001"/>
  <testcase classname="scripts.TestCase3" name="demo" time="0.001"/>
</testsuite> <!-- Test -->
